<?xml version="1.0" encoding="UTF-8"?>
<testng-results ignored="0" total="2" passed="2" failed="0" skipped="0">
  <reporter-output>
  </reporter-output>
  <suite started-at="2023-04-19T23:18:38 CDT" name="Suite" finished-at="2023-04-19T23:26:49 CDT" duration-ms="491447">
    <groups>
    </groups>
    <test started-at="2023-04-19T23:18:38 CDT" name="Test" finished-at="2023-04-19T23:26:49 CDT" duration-ms="491447">
      <class name="Recipes.PCOS">
        <test-method signature="LoadAZRecipes()[pri:2, instance:Recipes.PCOS@72967906]" started-at="2023-04-19T23:18:43 CDT" name="LoadAZRecipes" finished-at="2023-04-19T23:26:49 CDT" duration-ms="486567" status="PASS">
          <reporter-output>
          </reporter-output>
        </test-method> <!-- LoadAZRecipes -->
      </class> <!-- Recipes.PCOS -->
      <class name="Recipes.Common_Code">
        <test-method signature="LoadPage()[pri:1, instance:Recipes.Common_Code@4ec4f3a0]" started-at="2023-04-19T23:18:38 CDT" name="LoadPage" finished-at="2023-04-19T23:18:43 CDT" duration-ms="4846" status="PASS">
          <reporter-output>
          </reporter-output>
        </test-method> <!-- LoadPage -->
      </class> <!-- Recipes.Common_Code -->
    </test> <!-- Test -->
  </suite> <!-- Suite -->
</testng-results>
