<?xml version="1.0" encoding="UTF-8"?>
<testng-results ignored="0" total="2" passed="2" failed="0" skipped="0">
  <reporter-output>
  </reporter-output>
  <suite started-at="2023-04-21T15:21:55 CDT" name="Suite" finished-at="2023-04-21T15:22:41 CDT" duration-ms="46582">
    <groups>
    </groups>
    <test started-at="2023-04-21T15:21:55 CDT" name="Test" finished-at="2023-04-21T15:22:41 CDT" duration-ms="46582">
      <class name="Recipes.CommonCode">
        <test-method signature="LoadPage()[pri:1, instance:Recipes.CommonCode@9597028]" started-at="2023-04-21T15:21:55 CDT" name="LoadPage" finished-at="2023-04-21T15:22:01 CDT" duration-ms="6342" status="PASS">
          <reporter-output>
          </reporter-output>
        </test-method> <!-- LoadPage -->
      </class> <!-- Recipes.CommonCode -->
      <class name="Recipes.FilteredRecipes">
        <test-method signature="LoadAZRecipes()[pri:2, instance:Recipes.FilteredRecipes@747ddf94]" started-at="2023-04-21T15:22:01 CDT" name="LoadAZRecipes" finished-at="2023-04-21T15:22:41 CDT" duration-ms="40197" status="PASS">
          <reporter-output>
          </reporter-output>
        </test-method> <!-- LoadAZRecipes -->
      </class> <!-- Recipes.FilteredRecipes -->
    </test> <!-- Test -->
  </suite> <!-- Suite -->
</testng-results>
